<?xml version="1.0" encoding="UTF-8"?>
<!-- Generated by org.testng.reporters.JUnitReportReporter -->
<testsuite hostname="NAVINDRA-M" failures="0" tests="1" name="testcase.SearchTestCase" time="17.235" errors="0" timestamp="2024-06-17T13:09:07 IST" skipped="0">
  <testcase classname="testcase.SearchTestCase" name="testValidProductSearch" time="17.235"/>
  <system-out/>
</testsuite> <!-- testcase.SearchTestCase -->
