<?xml version="1.0" encoding="UTF-8"?>
<!-- Generated by org.testng.reporters.JUnitReportReporter -->
<testsuite hostname="NAVINDRA-M" failures="0" tests="5" name="testcase.CreateAccountTest" time="67.983" errors="0" timestamp="2024-06-18T18:38:47 IST" skipped="0">
  <testcase classname="testcase.CreateAccountTest" name="createAccount" time="13.057"/>
  <system-out/>
  <testcase classname="testcase.CreateAccountTest" name="createAccount" time="15.434"/>
  <system-out/>
  <testcase classname="testcase.CreateAccountTest" name="createAccount" time="11.673"/>
  <system-out/>
  <testcase classname="testcase.CreateAccountTest" name="createAccount" time="15.728"/>
  <system-out/>
  <testcase classname="testcase.CreateAccountTest" name="createAccount" time="12.091"/>
  <system-out/>
</testsuite> <!-- testcase.CreateAccountTest -->
