<?xml version="1.0" encoding="UTF-8"?>
<!-- Generated by org.testng.reporters.JUnitReportReporter -->
<testsuite hostname="NAVINDRA-M" failures="0" tests="8" name="testcase.HomePageTestCase" time="136.794" errors="0" timestamp="2024-06-18T07:52:24 IST" skipped="0">
  <testcase classname="testcase.HomePageTestCase" name="ourproduct" time="31.201"/>
  <system-out/>
  <testcase classname="testcase.HomePageTestCase" name="specialoffer" time="10.452"/>
  <system-out/>
  <testcase classname="testcase.HomePageTestCase" name="popularitems" time="6.512"/>
  <system-out/>
  <testcase classname="testcase.HomePageTestCase" name="contactus" time="32.690"/>
  <system-out/>
  <testcase classname="testcase.HomePageTestCase" name="homesearch" time="9.644"/>
  <system-out/>
  <testcase classname="testcase.HomePageTestCase" name="user" time="34.508"/>
  <system-out/>
  <testcase classname="testcase.HomePageTestCase" name="helpmenu" time="7.460"/>
  <system-out/>
  <testcase classname="testcase.HomePageTestCase" name="homecart" time="4.327"/>
  <system-out/>
</testsuite> <!-- testcase.HomePageTestCase -->
