<?xml version="1.0" encoding="UTF-8"?>
<!-- Generated by org.testng.reporters.JUnitReportReporter -->
<testsuite hostname="NAVINDRA-M" failures="0" tests="9" name="testcase.ShoppingCartTestCase" time="43.842" errors="0" timestamp="2024-06-16T14:17:10 IST" skipped="0">
  <testcase classname="testcase.ShoppingCartTestCase" name="openEmptycart" time="4.687"/>
  <system-out/>
  <testcase classname="testcase.ShoppingCartTestCase" name="searchCart" time="12.973"/>
  <system-out/>
  <testcase classname="testcase.ShoppingCartTestCase" name="addtoCart" time="5.440"/>
  <system-out/>
  <testcase classname="testcase.ShoppingCartTestCase" name="Gohome" time="2.344"/>
  <system-out/>
  <testcase classname="testcase.ShoppingCartTestCase" name="goToTablets" time="4.629"/>
  <system-out/>
  <testcase classname="testcase.ShoppingCartTestCase" name="goToCart" time="4.174"/>
  <system-out/>
  <testcase classname="testcase.ShoppingCartTestCase" name="editFromCart" time="5.359"/>
  <system-out/>
  <testcase classname="testcase.ShoppingCartTestCase" name="removeFromCart" time="2.112"/>
  <system-out/>
  <testcase classname="testcase.ShoppingCartTestCase" name="proceedToCheckOut" time="2.124"/>
  <system-out/>
</testsuite> <!-- testcase.ShoppingCartTestCase -->
