<?xml version="1.0" encoding="UTF-8"?>
<!-- Generated by org.testng.reporters.JUnitReportReporter -->
<testsuite hostname="NAVINDRA-M" failures="0" tests="2" name="restassured.APITest" time="25.176" errors="0" timestamp="2024-06-18T11:09:41 IST" skipped="0">
  <testcase classname="restassured.APITest" name="getRequest" time="21.411"/>
  <system-out/>
  <testcase classname="restassured.APITest" name="getRequestWithQueryParam" time="3.765"/>
  <system-out/>
</testsuite> <!-- restassured.APITest -->
