<?xml version="1.0" encoding="UTF-8"?>
<!-- Generated by org.testng.reporters.JUnitReportReporter -->
<testsuite hostname="NAVINDRA-M" failures="0" tests="1" name="testcase.SearchTest" time="9.190" errors="0" timestamp="2024-06-17T10:17:38 IST" skipped="0">
  <testcase classname="testcase.SearchTest" name="testValidProductSearch" time="9.190"/>
  <system-out/>
</testsuite> <!-- testcase.SearchTest -->
