<?xml version="1.0" encoding="UTF-8"?>
<!-- Generated by org.testng.reporters.JUnitReportReporter -->
<testsuite hostname="NAVINDRA-M" failures="0" tests="1" name="testcase.sample" time="35.377" errors="0" timestamp="2024-06-17T08:49:14 IST" skipped="0">
  <testcase classname="testcase.sample" name="user" time="35.377"/>
  <system-out/>
</testsuite> <!-- testcase.sample -->
